<?xml version="1.0" encoding="UTF-8"?>
<testng-results ignored="0" total="2" passed="2" failed="0" skipped="0">
  <reporter-output>
  </reporter-output>
  <suite started-at="2025-03-09T13:11:52 IST" name="Suite" finished-at="2025-03-09T13:12:05 IST" duration-ms="12838">
    <groups>
    </groups>
    <test started-at="2025-03-09T13:11:52 IST" name="Testchrome" finished-at="2025-03-09T13:12:03 IST" duration-ms="11400">
      <class name="testCases.TC001_AccRegTest">
        <test-method is-config="true" signature="setup(java.lang.String,java.lang.String)[pri:0, instance:testCases.TC001_AccRegTest@54d9d12d]" started-at="2025-03-09T13:11:52 IST" name="setup" finished-at="2025-03-09T13:11:58 IST" duration-ms="6435" status="PASS">
          <params>
            <param index="0">
              <value>
                <![CDATA[]]>
              </value>
            </param>
            <param index="1">
              <value>
                <![CDATA[chrome]]>
              </value>
            </param>
          </params>
          <reporter-output>
          </reporter-output>
        </test-method> <!-- setup -->
        <test-method signature="VerifyAccReg()[pri:0, instance:testCases.TC001_AccRegTest@54d9d12d]" started-at="2025-03-09T13:11:58 IST" name="VerifyAccReg" finished-at="2025-03-09T13:12:03 IST" duration-ms="4614" status="PASS">
          <reporter-output>
          </reporter-output>
        </test-method> <!-- VerifyAccReg -->
        <test-method is-config="true" signature="tearDown()[pri:0, instance:testCases.TC001_AccRegTest@54d9d12d]" started-at="2025-03-09T13:12:03 IST" name="tearDown" finished-at="2025-03-09T13:12:03 IST" duration-ms="244" status="PASS">
          <reporter-output>
          </reporter-output>
        </test-method> <!-- tearDown -->
      </class> <!-- testCases.TC001_AccRegTest -->
    </test> <!-- Testchrome -->
    <test started-at="2025-03-09T13:11:52 IST" name="Testedge" finished-at="2025-03-09T13:12:05 IST" duration-ms="12838">
      <class name="testCases.TC001_AccRegTest">
        <test-method is-config="true" signature="setup(java.lang.String,java.lang.String)[pri:0, instance:testCases.TC001_AccRegTest@2cd76f31]" started-at="2025-03-09T13:11:52 IST" name="setup" finished-at="2025-03-09T13:12:00 IST" duration-ms="7893" status="PASS">
          <params>
            <param index="0">
              <value>
                <![CDATA[]]>
              </value>
            </param>
            <param index="1">
              <value>
                <![CDATA[edge]]>
              </value>
            </param>
          </params>
          <reporter-output>
          </reporter-output>
        </test-method> <!-- setup -->
        <test-method signature="VerifyAccReg()[pri:0, instance:testCases.TC001_AccRegTest@2cd76f31]" started-at="2025-03-09T13:12:00 IST" name="VerifyAccReg" finished-at="2025-03-09T13:12:04 IST" duration-ms="3622" status="PASS">
          <reporter-output>
          </reporter-output>
        </test-method> <!-- VerifyAccReg -->
        <test-method is-config="true" signature="tearDown()[pri:0, instance:testCases.TC001_AccRegTest@2cd76f31]" started-at="2025-03-09T13:12:04 IST" name="tearDown" finished-at="2025-03-09T13:12:05 IST" duration-ms="1242" status="PASS">
          <reporter-output>
          </reporter-output>
        </test-method> <!-- tearDown -->
      </class> <!-- testCases.TC001_AccRegTest -->
    </test> <!-- Testedge -->
  </suite> <!-- Suite -->
</testng-results>
