<?xml version="1.0" encoding="UTF-8"?>
<testng-results ignored="1" total="3" passed="2" failed="0" skipped="0">
  <reporter-output>
  </reporter-output>
  <suite started-at="2025-03-13T21:52:58 IST" name="Master" finished-at="2025-03-13T21:53:11 IST" duration-ms="13253">
    <groups>
      <group name="Master">
        <method signature="TC001_AccRegTest.VerifyAccReg()[pri:0, instance:testCases.TC001_AccRegTest@2ea6e30c]" name="VerifyAccReg" class="testCases.TC001_AccRegTest"/>
        <method signature="TC002_LoginPage.testLogin()[pri:0, instance:testCases.TC002_LoginPage@42bc14c1]" name="testLogin" class="testCases.TC002_LoginPage"/>
      </group> <!-- Master -->
      <group name="Sanity">
        <method signature="TC001_AccRegTest.VerifyAccReg()[pri:0, instance:testCases.TC001_AccRegTest@2ea6e30c]" name="VerifyAccReg" class="testCases.TC001_AccRegTest"/>
      </group> <!-- Sanity -->
      <group name="Regression">
        <method signature="TC002_LoginPage.testLogin()[pri:0, instance:testCases.TC002_LoginPage@42bc14c1]" name="testLogin" class="testCases.TC002_LoginPage"/>
      </group> <!-- Regression -->
    </groups>
    <test started-at="2025-03-13T21:52:58 IST" name="master" finished-at="2025-03-13T21:53:11 IST" duration-ms="13253">
      <class name="testCases.TC002_LoginPage">
        <test-method is-config="true" signature="setup(java.lang.String,java.lang.String)[pri:0, instance:testCases.TC002_LoginPage@42bc14c1]" started-at="2025-03-13T21:53:06 IST" name="setup" finished-at="2025-03-13T21:53:09 IST" duration-ms="2875" status="PASS">
          <params>
            <param index="0">
              <value>
                <![CDATA[]]>
              </value>
            </param>
            <param index="1">
              <value>
                <![CDATA[chrome]]>
              </value>
            </param>
          </params>
          <reporter-output>
          </reporter-output>
        </test-method> <!-- setup -->
        <test-method signature="testLogin()[pri:0, instance:testCases.TC002_LoginPage@42bc14c1]" started-at="2025-03-13T21:53:09 IST" name="testLogin" finished-at="2025-03-13T21:53:11 IST" duration-ms="2435" status="PASS">
          <reporter-output>
          </reporter-output>
        </test-method> <!-- testLogin -->
        <test-method is-config="true" signature="tearDown()[pri:0, instance:testCases.TC002_LoginPage@42bc14c1]" started-at="2025-03-13T21:53:11 IST" name="tearDown" finished-at="2025-03-13T21:53:11 IST" duration-ms="217" status="PASS">
          <reporter-output>
          </reporter-output>
        </test-method> <!-- tearDown -->
      </class> <!-- testCases.TC002_LoginPage -->
      <class name="testCases.TC001_AccRegTest">
        <test-method is-config="true" signature="setup(java.lang.String,java.lang.String)[pri:0, instance:testCases.TC001_AccRegTest@2ea6e30c]" started-at="2025-03-13T21:52:59 IST" name="setup" finished-at="2025-03-13T21:53:03 IST" duration-ms="4063" status="PASS">
          <params>
            <param index="0">
              <value>
                <![CDATA[]]>
              </value>
            </param>
            <param index="1">
              <value>
                <![CDATA[chrome]]>
              </value>
            </param>
          </params>
          <reporter-output>
          </reporter-output>
        </test-method> <!-- setup -->
        <test-method signature="VerifyAccReg()[pri:0, instance:testCases.TC001_AccRegTest@2ea6e30c]" started-at="2025-03-13T21:53:03 IST" name="VerifyAccReg" finished-at="2025-03-13T21:53:06 IST" duration-ms="2827" status="PASS">
          <reporter-output>
          </reporter-output>
        </test-method> <!-- VerifyAccReg -->
        <test-method is-config="true" signature="tearDown()[pri:0, instance:testCases.TC001_AccRegTest@2ea6e30c]" started-at="2025-03-13T21:53:06 IST" name="tearDown" finished-at="2025-03-13T21:53:06 IST" duration-ms="236" status="PASS">
          <reporter-output>
          </reporter-output>
        </test-method> <!-- tearDown -->
      </class> <!-- testCases.TC001_AccRegTest -->
    </test> <!-- master -->
  </suite> <!-- Master -->
</testng-results>
