<?xml version="1.0" encoding="UTF-8"?>
<!-- Generated by org.testng.reporters.JUnitXMLReporter -->
<testsuite ignored="1" hostname="SARKARI" failures="0" tests="2" name="master" time="13.253" errors="0" timestamp="2025-03-13T21:53:13 IST">
  <testcase classname="testCases.TC001_AccRegTest" name="VerifyAccReg" time="2.827"/>
  <testcase classname="testCases.TC002_LoginPage" name="testLogin" time="2.435"/>
  <testcase classname="testCases.TC003_LoginPageDDT" name="testLogin" time="0.0">
    <ignored/>
  </testcase> <!-- testLogin -->
</testsuite> <!-- master -->
